<?xml version="1.0" encoding="UTF-8"?>
<!-- Generated by org.testng.reporters.JUnitReportReporter -->
<testsuite hostname="DESKTOP-B861MQV" failures="0" tests="2" name="com.odigeo.interview.coding.battleshipservice.service.CoordinateServiceTest" time="0.006" errors="0" timestamp="2021-12-28T21:30:17 IST" skipped="0">
  <testcase classname="com.odigeo.interview.coding.battleshipservice.service.CoordinateServiceTest" name="testDecodeWrongCoordinatePattern" time="0.004"/>
  <system-out/>
  <testcase classname="com.odigeo.interview.coding.battleshipservice.service.CoordinateServiceTest" name="testDecodeCoordinateA1" time="0.002"/>
  <system-out/>
</testsuite> <!-- com.odigeo.interview.coding.battleshipservice.service.CoordinateServiceTest -->
