<?xml version="1.0" encoding="UTF-8"?>
<!-- Generated by org.testng.reporters.JUnitReportReporter -->
<testsuite hostname="DESKTOP-B861MQV" failures="0" tests="6" name="com.odigeo.interview.coding.battleshipservice.util.ShipDeploymentValidatorTest" time="0.126" errors="0" timestamp="2021-12-28T21:30:17 IST" skipped="0">
  <testcase classname="com.odigeo.interview.coding.battleshipservice.util.ShipDeploymentValidatorTest" name="testValidateWithWrongShipOutOfGrid" time="0.004"/>
  <system-out/>
  <testcase classname="com.odigeo.interview.coding.battleshipservice.util.ShipDeploymentValidatorTest" name="testValidateWithDuplicatedShipType" time="0.029"/>
  <system-out/>
  <testcase classname="com.odigeo.interview.coding.battleshipservice.util.ShipDeploymentValidatorTest" name="testValidateWithIncorrectShipsNumberDeployed" time="0.045"/>
  <system-out/>
  <testcase classname="com.odigeo.interview.coding.battleshipservice.util.ShipDeploymentValidatorTest" name="testValidateWithValidDeployment" time="0.010"/>
  <system-out/>
  <testcase classname="com.odigeo.interview.coding.battleshipservice.util.ShipDeploymentValidatorTest" name="testValidateWithWrongShipLength" time="0.030"/>
  <system-out/>
  <testcase classname="com.odigeo.interview.coding.battleshipservice.util.ShipDeploymentValidatorTest" name="testValidateWithOverlappingShips" time="0.008"/>
  <system-out/>
</testsuite> <!-- com.odigeo.interview.coding.battleshipservice.util.ShipDeploymentValidatorTest -->
