<?xml version="1.0" encoding="UTF-8"?>
<!-- Generated by org.testng.reporters.JUnitReportReporter -->
<testsuite hostname="DESKTOP-B861MQV" failures="0" tests="1" name="com.odigeo.interview.coding.battleshipservice.controller.EngineeringControllerTest" time="0.009" errors="0" timestamp="2021-12-28T21:30:17 IST" skipped="0">
  <testcase classname="com.odigeo.interview.coding.battleshipservice.controller.EngineeringControllerTest" name="testPing" time="0.009"/>
  <system-out/>
</testsuite> <!-- com.odigeo.interview.coding.battleshipservice.controller.EngineeringControllerTest -->
