<?xml version="1.0" encoding="UTF-8"?>
<!-- Generated by org.testng.reporters.JUnitReportReporter -->
<testsuite hostname="DESKTOP-B861MQV" failures="0" tests="4" name="com.odigeo.interview.coding.battleshipservice.repository.GameRepositoryImplTest" time="0.142" errors="0" timestamp="2021-12-28T21:30:17 IST" skipped="0">
  <testcase classname="com.odigeo.interview.coding.battleshipservice.repository.GameRepositoryImplTest" name="testGetGame" time="0.128"/>
  <system-out/>
  <testcase classname="com.odigeo.interview.coding.battleshipservice.repository.GameRepositoryImplTest" name="testSaveGame" time="0.009"/>
  <system-out/>
  <testcase classname="com.odigeo.interview.coding.battleshipservice.repository.GameRepositoryImplTest" name="testNewGame" time="0.001"/>
  <system-out/>
  <testcase classname="com.odigeo.interview.coding.battleshipservice.repository.GameRepositoryImplTest" name="testUpdateGame" time="0.004"/>
  <system-out/>
</testsuite> <!-- com.odigeo.interview.coding.battleshipservice.repository.GameRepositoryImplTest -->
