<?xml version="1.0" encoding="UTF-8"?>
<!-- Generated by org.testng.reporters.JUnitReportReporter -->
<testsuite hostname="DESKTOP-B861MQV" failures="0" tests="5" name="com.odigeo.interview.coding.battleshipservice.service.KafkaProducerServiceTest" time="0.004" errors="1" timestamp="2021-12-28T21:30:17 IST" skipped="4">
  <testcase classname="com.odigeo.interview.coding.battleshipservice.service.KafkaProducerServiceTest" name="testGameFireEvent" time="0.000">
    <skipped/>
  </testcase> <!-- testGameFireEvent -->
  <system-out/>
  <testcase classname="com.odigeo.interview.coding.battleshipservice.service.KafkaProducerServiceTest" name="testGameCreatedEventException" time="0.000">
    <skipped/>
  </testcase> <!-- testGameCreatedEventException -->
  <system-out/>
  <testcase classname="com.odigeo.interview.coding.battleshipservice.service.KafkaProducerServiceTest" name="testGameFireEventException" time="0.000">
    <skipped/>
  </testcase> <!-- testGameFireEventException -->
  <system-out/>
  <testcase classname="com.odigeo.interview.coding.battleshipservice.service.KafkaProducerServiceTest" name="testGameCreatedEvent" time="0.000">
    <skipped/>
  </testcase> <!-- testGameCreatedEvent -->
  <system-out/>
  <testcase classname="com.odigeo.interview.coding.battleshipservice.service.KafkaProducerServiceTest" name="init" time="0.004">
    <error message="Could not initialize class org.mockito.internal.creation.cglib.ClassImposterizer$3" type="java.lang.NoClassDefFoundError">
      <![CDATA[java.lang.NoClassDefFoundError: Could not initialize class org.mockito.internal.creation.cglib.ClassImposterizer$3
at org.mockito.internal.creation.cglib.ClassImposterizer.createProxyClass(ClassImposterizer.java:95)
at org.mockito.internal.creation.cglib.ClassImposterizer.imposterise(ClassImposterizer.java:57)
at org.mockito.internal.creation.cglib.ClassImposterizer.imposterise(ClassImposterizer.java:49)
at org.mockito.internal.creation.cglib.CglibMockMaker.createMock(CglibMockMaker.java:24)
at org.mockito.internal.util.MockUtil.createMock(MockUtil.java:33)
at org.mockito.internal.MockitoCore.mock(MockitoCore.java:59)
at org.mockito.Mockito.mock(Mockito.java:1285)
at org.mockito.internal.configuration.MockAnnotationProcessor.process(MockAnnotationProcessor.java:33)
at org.mockito.internal.configuration.MockAnnotationProcessor.process(MockAnnotationProcessor.java:16)
at org.mockito.internal.configuration.DefaultAnnotationEngine.createMockFor(DefaultAnnotationEngine.java:43)
at org.mockito.internal.configuration.DefaultAnnotationEngine.process(DefaultAnnotationEngine.java:66)
at org.mockito.internal.configuration.InjectingAnnotationEngine.processIndependentAnnotations(InjectingAnnotationEngine.java:71)
at org.mockito.internal.configuration.InjectingAnnotationEngine.process(InjectingAnnotationEngine.java:55)
at org.mockito.MockitoAnnotations.initMocks(MockitoAnnotations.java:108)
at com.odigeo.interview.coding.battleshipservice.service.KafkaProducerServiceTest.init(KafkaProducerServiceTest.java:41)
at java.base/jdk.internal.reflect.NativeMethodAccessorImpl.invoke0(Native Method)
at java.base/jdk.internal.reflect.NativeMethodAccessorImpl.invoke(NativeMethodAccessorImpl.java:77)
at java.base/jdk.internal.reflect.DelegatingMethodAccessorImpl.invoke(DelegatingMethodAccessorImpl.java:43)
at java.base/java.lang.reflect.Method.invoke(Method.java:568)
at org.testng.internal.MethodInvocationHelper.invokeMethod(MethodInvocationHelper.java:132)
at org.testng.internal.MethodInvocationHelper.invokeMethodConsideringTimeout(MethodInvocationHelper.java:61)
at org.testng.internal.ConfigInvoker.invokeConfigurationMethod(ConfigInvoker.java:366)
at org.testng.internal.ConfigInvoker.invokeConfigurations(ConfigInvoker.java:320)
at org.testng.internal.TestMethodWorker.invokeBeforeClassMethods(TestMethodWorker.java:176)
at org.testng.internal.TestMethodWorker.run(TestMethodWorker.java:122)
at java.base/java.util.ArrayList.forEach(ArrayList.java:1511)
at org.testng.TestRunner.privateRun(TestRunner.java:764)
at org.testng.TestRunner.run(TestRunner.java:585)
at org.testng.SuiteRunner.runTest(SuiteRunner.java:384)
at org.testng.SuiteRunner.runSequentially(SuiteRunner.java:378)
at org.testng.SuiteRunner.privateRun(SuiteRunner.java:337)
at org.testng.SuiteRunner.run(SuiteRunner.java:286)
at org.testng.SuiteRunnerWorker.runSuite(SuiteRunnerWorker.java:53)
at org.testng.SuiteRunnerWorker.run(SuiteRunnerWorker.java:96)
at org.testng.TestNG.runSuitesSequentially(TestNG.java:1218)
at org.testng.TestNG.runSuitesLocally(TestNG.java:1140)
at org.testng.TestNG.runSuites(TestNG.java:1069)
at org.testng.TestNG.run(TestNG.java:1037)
at org.testng.remote.AbstractRemoteTestNG.run(AbstractRemoteTestNG.java:115)
at org.testng.remote.RemoteTestNG.initAndRun(RemoteTestNG.java:251)
at org.testng.remote.RemoteTestNG.main(RemoteTestNG.java:77)
]]>
    </error>
  </testcase> <!-- init -->
  <system-out/>
</testsuite> <!-- com.odigeo.interview.coding.battleshipservice.service.KafkaProducerServiceTest -->
