<?xml version="1.0" encoding="UTF-8"?>
<!-- Generated by org.testng.reporters.JUnitReportReporter -->
<testsuite hostname="DESKTOP-B861MQV" failures="0" tests="1" name="com.odigeo.interview.coding.battleshipcomputerservice.service.CoordinateServiceTest" time="0.018" errors="0" timestamp="2021-12-25T20:20:34 IST" skipped="0">
  <testcase classname="com.odigeo.interview.coding.battleshipcomputerservice.service.CoordinateServiceTest" name="testRandomCoordinate" time="0.018"/>
  <system-out/>
</testsuite> <!-- com.odigeo.interview.coding.battleshipcomputerservice.service.CoordinateServiceTest -->
